This is pdfTeX, Version 3.14159265-2.6-1.40.20 (TeX Live 2019/W32TeX) (preloaded format=pdflatex 2019.11.7)  21 JUL 2020 16:13
entering extended mode
 restricted \write18 enabled.
 %&-line parsing enabled.
**ps1.tex
(./ps1.tex
LaTeX2e <2019-10-01> patch level 1
(d:/miscel/TexLive/texlive/2019/texmf-dist/tex/latex/base/article.cls
Document Class: article 2019/08/27 v1.4j Standard LaTeX document class
(d:/miscel/TexLive/texlive/2019/texmf-dist/tex/latex/base/size10.clo
File: size10.clo 2019/08/27 v1.4j Standard LaTeX file (size option)
)
\c@part=\count80
\c@section=\count81
\c@subsection=\count82
\c@subsubsection=\count83
\c@paragraph=\count84
\c@subparagraph=\count85
\c@figure=\count86
\c@table=\count87
\abovecaptionskip=\skip41
\belowcaptionskip=\skip42
\bibindent=\dimen102
)
(d:/miscel/TexLive/texlive/2019/texmf-dist/tex/latex/graphics/graphicx.sty
Package: graphicx 2017/06/01 v1.1a Enhanced LaTeX Graphics (DPC,SPQR)

(d:/miscel/TexLive/texlive/2019/texmf-dist/tex/latex/graphics/keyval.sty
Package: keyval 2014/10/28 v1.15 key=value parser (DPC)
\KV@toks@=\toks14
)
(d:/miscel/TexLive/texlive/2019/texmf-dist/tex/latex/graphics/graphics.sty
Package: graphics 2019/10/08 v1.3c Standard LaTeX Graphics (DPC,SPQR)

(d:/miscel/TexLive/texlive/2019/texmf-dist/tex/latex/graphics/trig.sty
Package: trig 2016/01/03 v1.10 sin cos tan (DPC)
)
(d:/miscel/TexLive/texlive/2019/texmf-dist/tex/latex/graphics-cfg/graphics.cfg
File: graphics.cfg 2016/06/04 v1.11 sample graphics configuration
)
Package graphics Info: Driver file: pdftex.def on input line 105.
(d:/miscel/TexLive/texlive/2019/texmf-dist/tex/latex/graphics-def/pdftex.def
File: pdftex.def 2018/01/08 v1.0l Graphics/color driver for pdftex
))
\Gin@req@height=\dimen103
\Gin@req@width=\dimen104
) (d:/miscel/TexLive/texlive/2019/texmf-dist/tex/latex/caption/caption.sty
Package: caption 2019/09/01 v3.3d Customizing captions (AR)

(d:/miscel/TexLive/texlive/2019/texmf-dist/tex/latex/caption/caption3.sty
Package: caption3 2019/09/01 v1.8d caption3 kernel (AR)
Package caption3 Info: TeX engine: e-TeX on input line 64.
\captionmargin=\dimen105
\captionmargin@=\dimen106
\captionwidth=\dimen107
\caption@tempdima=\dimen108
\caption@indent=\dimen109
\caption@parindent=\dimen110
\caption@hangindent=\dimen111
)
\c@caption@flags=\count88
\c@ContinuedFloat=\count89
)
(d:/miscel/TexLive/texlive/2019/texmf-dist/tex/latex/enumitem/enumitem.sty
Package: enumitem 2019/06/20 v3.9 Customized lists
\labelindent=\skip43
\enit@outerparindent=\dimen112
\enit@toks=\toks15
\enit@inbox=\box27
\enit@count@id=\count90
\enitdp@description=\count91
)
(d:/miscel/TexLive/texlive/2019/texmf-dist/tex/latex/oberdiek/epstopdf.sty
Package: epstopdf 2016/05/15 v2.6 Conversion with epstopdf on the fly (HO)

(d:/miscel/TexLive/texlive/2019/texmf-dist/tex/latex/oberdiek/epstopdf-base.sty
Package: epstopdf-base 2016/05/15 v2.6 Base part for package epstopdf
(d:/miscel/TexLive/texlive/2019/texmf-dist/tex/generic/oberdiek/infwarerr.sty
Package: infwarerr 2016/05/16 v1.4 Providing info/warning/error messages (HO)
)
(d:/miscel/TexLive/texlive/2019/texmf-dist/tex/latex/oberdiek/grfext.sty
Package: grfext 2016/05/16 v1.2 Manage graphics extensions (HO)

(d:/miscel/TexLive/texlive/2019/texmf-dist/tex/generic/oberdiek/kvdefinekeys.st
y
Package: kvdefinekeys 2016/05/16 v1.4 Define keys (HO)
 (d:/miscel/TexLive/texlive/2019/texmf-dist/tex/generic/oberdiek/ltxcmds.sty
Package: ltxcmds 2016/05/16 v1.23 LaTeX kernel commands for general use (HO)
))) (d:/miscel/TexLive/texlive/2019/texmf-dist/tex/latex/oberdiek/kvoptions.sty
Package: kvoptions 2016/05/16 v3.12 Key value format for package options (HO)

(d:/miscel/TexLive/texlive/2019/texmf-dist/tex/generic/oberdiek/kvsetkeys.sty
Package: kvsetkeys 2016/05/16 v1.17 Key value parser (HO)

(d:/miscel/TexLive/texlive/2019/texmf-dist/tex/generic/oberdiek/etexcmds.sty
Package: etexcmds 2016/05/16 v1.6 Avoid name clashes with e-TeX commands (HO)

(d:/miscel/TexLive/texlive/2019/texmf-dist/tex/generic/iftex/ifluatex.sty
Package: ifluatex 2019/10/25 v1.5 ifluatex legacy package. Use iftex instead.

(d:/miscel/TexLive/texlive/2019/texmf-dist/tex/generic/iftex/iftex.sty
Package: iftex 2019/11/04 v1.0b TeX engine tests
)))))
(d:/miscel/TexLive/texlive/2019/texmf-dist/tex/generic/oberdiek/pdftexcmds.sty
Package: pdftexcmds 2019/07/25 v0.30 Utility functions of pdfTeX for LuaTeX (HO
)

(d:/miscel/TexLive/texlive/2019/texmf-dist/tex/generic/iftex/ifpdf.sty
Package: ifpdf 2019/10/25 v3.4 ifpdf legacy package. Use iftex instead.
)
Package pdftexcmds Info: LuaTeX not detected.
Package pdftexcmds Info: \pdf@primitive is available.
Package pdftexcmds Info: \pdf@ifprimitive is available.
Package pdftexcmds Info: \pdfdraftmode found.
)
Package epstopdf-base Info: Redefining graphics rule for `.eps' on input line 4
38.
Package grfext Info: Graphics extension search list:
(grfext)             [.pdf,.png,.jpg,.mps,.jpeg,.jbig2,.jb2,.PDF,.PNG,.JPG,.JPE
G,.JBIG2,.JB2,.eps]
(grfext)             \AppendGraphicsExtensions on input line 456.

(d:/miscel/TexLive/texlive/2019/texmf-dist/tex/latex/latexconfig/epstopdf-sys.c
fg
File: epstopdf-sys.cfg 2010/07/13 v1.3 Configuration of (r)epstopdf for TeX Liv
e
)))
(d:/miscel/TexLive/texlive/2019/texmf-dist/tex/latex/caption/subcaption.sty
Package: subcaption 2019/09/01 v1.3a Sub-captions (AR)
\c@subfigure=\count92
\c@subtable=\count93
)
(d:/miscel/TexLive/texlive/2019/texmf-dist/tex/latex/psfrag/psfrag.sty
Package: psfrag 1998/04/11 v3.04 PSfrag (MCG)
\pfg@pcount=\count94
\pfg@scount=\count95
\pfg@temp=\write3
)
(d:/miscel/TexLive/texlive/2019/texmf-dist/tex/latex/amsmath/amsmath.sty
Package: amsmath 2019/04/01 v2.17c AMS math features
\@mathmargin=\skip44

For additional information on amsmath, use the `?' option.
(d:/miscel/TexLive/texlive/2019/texmf-dist/tex/latex/amsmath/amstext.sty
Package: amstext 2000/06/29 v2.01 AMS text

(d:/miscel/TexLive/texlive/2019/texmf-dist/tex/latex/amsmath/amsgen.sty
File: amsgen.sty 1999/11/30 v2.0 generic functions
\@emptytoks=\toks16
\ex@=\dimen113
))
(d:/miscel/TexLive/texlive/2019/texmf-dist/tex/latex/amsmath/amsbsy.sty
Package: amsbsy 1999/11/29 v1.2d Bold Symbols
\pmbraise@=\dimen114
)
(d:/miscel/TexLive/texlive/2019/texmf-dist/tex/latex/amsmath/amsopn.sty
Package: amsopn 2016/03/08 v2.02 operator names
)
\inf@bad=\count96
LaTeX Info: Redefining \frac on input line 227.
\uproot@=\count97
\leftroot@=\count98
LaTeX Info: Redefining \overline on input line 389.
\classnum@=\count99
\DOTSCASE@=\count100
LaTeX Info: Redefining \ldots on input line 486.
LaTeX Info: Redefining \dots on input line 489.
LaTeX Info: Redefining \cdots on input line 610.
\Mathstrutbox@=\box28
\strutbox@=\box29
\big@size=\dimen115
LaTeX Font Info:    Redeclaring font encoding OML on input line 733.
LaTeX Font Info:    Redeclaring font encoding OMS on input line 734.
\macc@depth=\count101
\c@MaxMatrixCols=\count102
\dotsspace@=\muskip10
\c@parentequation=\count103
\dspbrk@lvl=\count104
\tag@help=\toks17
\row@=\count105
\column@=\count106
\maxfields@=\count107
\andhelp@=\toks18
\eqnshift@=\dimen116
\alignsep@=\dimen117
\tagshift@=\dimen118
\tagwidth@=\dimen119
\totwidth@=\dimen120
\lineht@=\dimen121
\@envbody=\toks19
\multlinegap=\skip45
\multlinetaggap=\skip46
\mathdisplay@stack=\toks20
LaTeX Info: Redefining \[ on input line 2855.
LaTeX Info: Redefining \] on input line 2856.
)
(d:/miscel/TexLive/texlive/2019/texmf-dist/tex/latex/amsfonts/amssymb.sty
Package: amssymb 2013/01/14 v3.01 AMS font symbols

(d:/miscel/TexLive/texlive/2019/texmf-dist/tex/latex/amsfonts/amsfonts.sty
Package: amsfonts 2013/01/14 v3.01 Basic AMSFonts support
\symAMSa=\mathgroup4
\symAMSb=\mathgroup5
LaTeX Font Info:    Redeclaring math symbol \hbar on input line 98.
LaTeX Font Info:    Overwriting math alphabet `\mathfrak' in version `bold'
(Font)                  U/euf/m/n --> U/euf/b/n on input line 106.
))
(d:/miscel/TexLive/texlive/2019/texmf-dist/tex/generic/epsf/epsf.sty
This is `epsf.tex' v2.7.4 <14 February 2011>
\epsffilein=\read1
\epsfframemargin=\dimen122
\epsfframethickness=\dimen123
\epsfrsize=\dimen124
\epsftmp=\dimen125
\epsftsize=\dimen126
\epsfxsize=\dimen127
\epsfysize=\dimen128
\pspoints=\dimen129
) (d:/miscel/TexLive/texlive/2019/texmf-dist/tex/latex/tools/verbatim.sty
Package: verbatim 2014/10/28 v1.5q LaTeX2e package for verbatim enhancements
\every@verbatim=\toks21
\verbatim@line=\toks22
\verbatim@in@stream=\read2
)
(d:/miscel/TexLive/texlive/2019/texmf-dist/tex/latex/url/url.sty
\Urlmuskip=\muskip11
Package: url 2013/09/16  ver 3.4  Verb mode for urls, etc.
)
(d:/miscel/TexLive/texlive/2019/texmf-dist/tex/latex/graphics/color.sty
Package: color 2016/07/10 v1.1e Standard LaTeX Color (DPC)

(d:/miscel/TexLive/texlive/2019/texmf-dist/tex/latex/graphics-cfg/color.cfg
File: color.cfg 2016/01/02 v1.6 sample color configuration
)
Package color Info: Driver file: pdftex.def on input line 147.
)
(d:/miscel/TexLive/texlive/2019/texmf-dist/tex/latex/bbm-macros/bbm.sty
Package: bbm 1999/03/15 V 1.2 provides fonts for set symbols - TH
LaTeX Font Info:    Overwriting math alphabet `\mathbbm' in version `bold'
(Font)                  U/bbm/m/n --> U/bbm/bx/n on input line 33.
LaTeX Font Info:    Overwriting math alphabet `\mathbbmss' in version `bold'
(Font)                  U/bbmss/m/n --> U/bbmss/bx/n on input line 35.
)
(d:/miscel/TexLive/texlive/2019/texmf-dist/tex/latex/listings/listings.sty
\lst@mode=\count108
\lst@gtempboxa=\box30
\lst@token=\toks23
\lst@length=\count109
\lst@currlwidth=\dimen130
\lst@column=\count110
\lst@pos=\count111
\lst@lostspace=\dimen131
\lst@width=\dimen132
\lst@newlines=\count112
\lst@lineno=\count113
\lst@maxwidth=\dimen133

(d:/miscel/TexLive/texlive/2019/texmf-dist/tex/latex/listings/lstmisc.sty
File: lstmisc.sty 2019/09/10 1.8c (Carsten Heinz)
\c@lstnumber=\count114
\lst@skipnumbers=\count115
\lst@framebox=\box31
)
(d:/miscel/TexLive/texlive/2019/texmf-dist/tex/latex/listings/listings.cfg
File: listings.cfg 2019/09/10 1.8c listings configuration
))
Package: listings 2019/09/10 1.8c (Carsten Heinz)

(d:/miscel/TexLive/texlive/2019/texmf-dist/tex/latex/setspace/setspace.sty
Package: setspace 2011/12/19 v6.7a set line spacing
)
(d:/miscel/TexLive/texlive/2019/texmf-dist/tex/latex/float/float.sty
Package: float 2001/11/08 v1.3d Float enhancements (AL)
\c@float@type=\count116
\float@exts=\toks24
\float@box=\box32
\@float@everytoks=\toks25
\@floatcapt=\box33
)
(./ps1.aux)
\openout1 = `ps1.aux'.

LaTeX Font Info:    Checking defaults for OML/cmm/m/it on input line 93.
LaTeX Font Info:    ... okay on input line 93.
LaTeX Font Info:    Checking defaults for T1/cmr/m/n on input line 93.
LaTeX Font Info:    ... okay on input line 93.
LaTeX Font Info:    Checking defaults for OT1/cmr/m/n on input line 93.
LaTeX Font Info:    ... okay on input line 93.
LaTeX Font Info:    Checking defaults for OMS/cmsy/m/n on input line 93.
LaTeX Font Info:    ... okay on input line 93.
LaTeX Font Info:    Checking defaults for OMX/cmex/m/n on input line 93.
LaTeX Font Info:    ... okay on input line 93.
LaTeX Font Info:    Checking defaults for U/cmr/m/n on input line 93.
LaTeX Font Info:    ... okay on input line 93.

(d:/miscel/TexLive/texlive/2019/texmf-dist/tex/context/base/mkii/supp-pdf.mkii
[Loading MPS to PDF converter (version 2006.09.02).]
\scratchcounter=\count117
\scratchdimen=\dimen134
\scratchbox=\box34
\nofMPsegments=\count118
\nofMParguments=\count119
\everyMPshowfont=\toks26
\MPscratchCnt=\count120
\MPscratchDim=\dimen135
\MPnumerator=\count121
\makeMPintoPDFobject=\count122
\everyMPtoPDFconversion=\toks27
)
Package caption Info: Begin \AtBeginDocument code.
Package caption Info: float package is loaded.
Package caption Info: listings package is loaded.
Package caption Info: End \AtBeginDocument code.
\c@lstlisting=\count123

Underfull \hbox (badness 10000) in paragraph at lines 98--105

 []

(./00-instructions/00-main.tex (./00-instructions/01-general.tex
LaTeX Font Info:    Trying to load font information for U+msa on input line 4.

(d:/miscel/TexLive/texlive/2019/texmf-dist/tex/latex/amsfonts/umsa.fd
File: umsa.fd 2013/01/14 v3.01 AMS symbols A
)
LaTeX Font Info:    Trying to load font information for U+msb on input line 4.

(d:/miscel/TexLive/texlive/2019/texmf-dist/tex/latex/amsfonts/umsb.fd
File: umsb.fd 2013/01/14 v3.01 AMS symbols B
))
(./00-instructions/02-submission.tex))

Package enumitem Warning: Negative labelwidth. This does not make much
(enumitem)                sense, on input line 114.

(./01-linreg/00-main.tex [1
Non-PDF special ignored!
<special> header=psfrag.pro
{d:/miscel/TexLive/texlive/2019/texmf-var/fonts/map/pdftex/updmap/pdftex.map}

]
(./01-linreg/01-logreg.tex (./01-linreg/01-logreg-sol.tex [2

]))
(./01-linreg/02-solve-logreg.tex [3] (./01-linreg/02-solve-logreg-sol.tex
<C:/Users/feroc/OneDrive/Notability/CS229 Machine Learning/problem_sets/ps1/src
/output/p01b_pred_1.png, id=26, 462.528pt x 346.896pt>
File: C:/Users/feroc/OneDrive/Notability/CS229 Machine Learning/problem_sets/ps
1/src/output/p01b_pred_1.png Graphic file (type png)
<use C:/Users/feroc/OneDrive/Notability/CS229 Machine Learning/problem_sets/ps1
/src/output/p01b_pred_1.png>
Package pdftex.def Info: C:/Users/feroc/OneDrive/Notability/CS229 Machine Learn
ing/problem_sets/ps1/src/output/p01b_pred_1.png  used on input line 3.
(pdftex.def)             Requested size: 208.65086pt x 156.49014pt.
<C:/Users/feroc/OneDrive/Notability/CS229 Machine Learning/problem_sets/ps1/src
/output/p01b_pred_2.png, id=28, 462.528pt x 346.896pt>
File: C:/Users/feroc/OneDrive/Notability/CS229 Machine Learning/problem_sets/ps
1/src/output/p01b_pred_2.png Graphic file (type png)
<use C:/Users/feroc/OneDrive/Notability/CS229 Machine Learning/problem_sets/ps1
/src/output/p01b_pred_2.png>
Package pdftex.def Info: C:/Users/feroc/OneDrive/Notability/CS229 Machine Learn
ing/problem_sets/ps1/src/output/p01b_pred_2.png  used on input line 4.
(pdftex.def)             Requested size: 208.65086pt x 156.49014pt.

Overfull \hbox (2.25395pt too wide) in paragraph at lines 3--5
[][] [] 
 []

)) (./01-linreg/03-gda.tex [4

 <c:/Users/feroc/OneDrive/Notability/CS229 Machine Learning/problem_sets/ps1/sr
c/output/p01b_pred_1.png> <c:/Users/feroc/OneDrive/Notability/CS229 Machine Lea
rning/problem_sets/ps1/src/output/p01b_pred_2.png>] (./01-linreg/03-gda-sol.tex

Overfull \hbox (43.78716pt too wide) detected at line 11
[][]
 []

)) (./01-linreg/04-gda-ll.tex [5

] (./01-linreg/04-gda-ll-sol.tex
LaTeX Font Info:    Trying to load font information for U+bbm on input line 11.


(d:/miscel/TexLive/texlive/2019/texmf-dist/tex/latex/bbm-macros/ubbm.fd
File: ubbm.fd 1999/03/15 V 1.2 Font definition for bbm font - TH
)
[6

])) (./01-linreg/05-solve-gda.tex [7] (./01-linreg/05-solve-gda-sol.tex
<C:/Users/feroc/OneDrive/Notability/CS229 Machine Learning/problem_sets/ps1/src
/output/p01e_pred_1.png, id=47, 462.528pt x 346.896pt>
File: C:/Users/feroc/OneDrive/Notability/CS229 Machine Learning/problem_sets/ps
1/src/output/p01e_pred_1.png Graphic file (type png)
<use C:/Users/feroc/OneDrive/Notability/CS229 Machine Learning/problem_sets/ps1
/src/output/p01e_pred_1.png>
Package pdftex.def Info: C:/Users/feroc/OneDrive/Notability/CS229 Machine Learn
ing/problem_sets/ps1/src/output/p01e_pred_1.png  used on input line 3.
(pdftex.def)             Requested size: 208.65086pt x 156.49014pt.
<C:/Users/feroc/OneDrive/Notability/CS229 Machine Learning/problem_sets/ps1/src
/output/p01e_pred_2.png, id=48, 462.528pt x 346.896pt>
File: C:/Users/feroc/OneDrive/Notability/CS229 Machine Learning/problem_sets/ps
1/src/output/p01e_pred_2.png Graphic file (type png)
<use C:/Users/feroc/OneDrive/Notability/CS229 Machine Learning/problem_sets/ps1
/src/output/p01e_pred_2.png>
Package pdftex.def Info: C:/Users/feroc/OneDrive/Notability/CS229 Machine Learn
ing/problem_sets/ps1/src/output/p01e_pred_2.png  used on input line 4.
(pdftex.def)             Requested size: 208.65086pt x 156.49014pt.
))
(./01-linreg/06-plot-ds1.tex
Overfull \hbox (24.25395pt too wide) in paragraph at lines 1--1
[] []
 []


Underfull \hbox (badness 10000) in paragraph at lines 1--1

 []

[8

 <c:/Users/feroc/OneDrive/Notability/CS229 Machine Learning/problem_sets/ps1/sr
c/output/p01e_pred_1.png> <c:/Users/feroc/OneDrive/Notability/CS229 Machine Lea
rning/problem_sets/ps1/src/output/p01e_pred_2.png>]
(./01-linreg/06-plot-ds1-sol.tex
<pics/p01b_1.png, id=54, 462.528pt x 346.896pt>
File: pics/p01b_1.png Graphic file (type png)
<use pics/p01b_1.png>
Package pdftex.def Info: pics/p01b_1.png  used on input line 5.
(pdftex.def)             Requested size: 208.635pt x 156.47757pt.
<pics/p01e_1.png, id=55, 462.528pt x 346.896pt>
File: pics/p01e_1.png Graphic file (type png)
<use pics/p01e_1.png>
Package pdftex.def Info: pics/p01e_1.png  used on input line 10.
(pdftex.def)             Requested size: 208.635pt x 156.47757pt.

Overfull \hbox (2.22221pt too wide) in paragraph at lines 3--13
[][] [] 
 []

)) (./01-linreg/07-plot-ds2.tex [9

 <./pics/p01b_1.png> <./pics/p01e_1.png>]
(./01-linreg/07-plot-ds2-sol.tex
<pics/p01b_2.png, id=62, 462.528pt x 346.896pt>
File: pics/p01b_2.png Graphic file (type png)
<use pics/p01b_2.png>
Package pdftex.def Info: pics/p01b_2.png  used on input line 5.
(pdftex.def)             Requested size: 208.635pt x 156.47757pt.
<pics/p01e_2.png, id=63, 462.528pt x 346.896pt>
File: pics/p01e_2.png Graphic file (type png)
<use pics/p01e_2.png>
Package pdftex.def Info: pics/p01e_2.png  used on input line 10.
(pdftex.def)             Requested size: 208.635pt x 156.47757pt.

Overfull \hbox (2.22221pt too wide) in paragraph at lines 3--13
[][] [] 
 []

)) (./01-linreg/08-extra-credit.tex [10

 <./pics/p01b_2.png> <./pics/p01e_2.png>] (./01-linreg/08-extra-credit-sol.tex)
)) (./02-posonly/00-main.tex [11

]
(./02-posonly/01-constant.tex (./02-posonly/01-constant-sol.tex
Overfull \hbox (44.31992pt too wide) detected at line 12
[][]
 []

)) (./02-posonly/02-estimate-alpha.tex [12

]
(./02-posonly/02-estimate-alpha-sol.tex)) (./02-posonly/03-train-t-labels.tex
[13

] (./02-posonly/03-train-t-labels-sol.tex
<C:/Users/feroc/OneDrive/Notability/CS229 Machine Learning/problem_sets/ps1/src
/output/p02c_pred.png, id=80, 462.528pt x 346.896pt>
File: C:/Users/feroc/OneDrive/Notability/CS229 Machine Learning/problem_sets/ps
1/src/output/p02c_pred.png Graphic file (type png)
<use C:/Users/feroc/OneDrive/Notability/CS229 Machine Learning/problem_sets/ps1
/src/output/p02c_pred.png>
Package pdftex.def Info: C:/Users/feroc/OneDrive/Notability/CS229 Machine Learn
ing/problem_sets/ps1/src/output/p02c_pred.png  used on input line 3.
(pdftex.def)             Requested size: 379.38832pt x 284.52756pt.
))
(./02-posonly/04-train-y-labels.tex [14

 <c:/Users/feroc/OneDrive/Notability/CS229 Machine Learning/problem_sets/ps1/sr
c/output/p02c_pred.png>]
(./02-posonly/04-train-y-labels-sol.tex
<C:/Users/feroc/OneDrive/Notability/CS229 Machine Learning/problem_sets/ps1/src
/output/p02d_pred.png, id=85, 462.528pt x 346.896pt>
File: C:/Users/feroc/OneDrive/Notability/CS229 Machine Learning/problem_sets/ps
1/src/output/p02d_pred.png Graphic file (type png)
<use C:/Users/feroc/OneDrive/Notability/CS229 Machine Learning/problem_sets/ps1
/src/output/p02d_pred.png>
Package pdftex.def Info: C:/Users/feroc/OneDrive/Notability/CS229 Machine Learn
ing/problem_sets/ps1/src/output/p02d_pred.png  used on input line 3.
(pdftex.def)             Requested size: 379.38832pt x 284.52756pt.
)) (./02-posonly/05-plot.tex [15

 <c:/Users/feroc/OneDrive/Notability/CS229 Machine Learning/problem_sets/ps1/sr
c/output/p02d_pred.png>] (./02-posonly/05-plot-sol.tex
<pics/p02c.png, id=90, 462.528pt x 346.896pt>
File: pics/p02c.png Graphic file (type png)
<use pics/p02c.png>
Package pdftex.def Info: pics/p02c.png  used on input line 5.
(pdftex.def)             Requested size: 125.18227pt x 93.88548pt.
<pics/p02d.png, id=91, 462.528pt x 346.896pt>
File: pics/p02d.png Graphic file (type png)
<use pics/p02d.png>
Package pdftex.def Info: pics/p02d.png  used on input line 10.
(pdftex.def)             Requested size: 125.18227pt x 93.88548pt.
<pics/p02e.png, id=92, 462.528pt x 346.896pt>
File: pics/p02e.png Graphic file (type png)
<use pics/p02e.png>
Package pdftex.def Info: pics/p02e.png  used on input line 15.
(pdftex.def)             Requested size: 125.18227pt x 93.88548pt.
))) (./03-poisson/00-main.tex
[16

 <./pics/p02c.png> <./pics/p02d.png> <./pics/p02e.png>]
(./03-poisson/01-exponential.tex (./03-poisson/01-exponential-sol.tex))
(./03-poisson/02-response-fn.tex [17

] (./03-poisson/02-response-fn-sol.tex))
(./03-poisson/03-gd-update.tex [18

] (./03-poisson/03-gd-update-sol.tex))
(./03-poisson/04-regression.tex [19

] (./03-poisson/04-regression-sol.tex)))
(./04-glm-convexity/00-main.tex [20

] (./04-glm-convexity/01-mean.tex [21

]
(./04-glm-convexity/01-mean-sol.tex)) (./04-glm-convexity/02-var.tex [22

]
(./04-glm-convexity/02-var-sol.tex)) (./04-glm-convexity/03-hessian.tex
[23

] (./04-glm-convexity/03-hessian-sol.tex))
LaTeX Font Info:    Trying to load font information for OMS+cmr on input line 5
0.

(d:/miscel/TexLive/texlive/2019/texmf-dist/tex/latex/base/omscmr.fd
File: omscmr.fd 2014/09/29 v2.5h Standard LaTeX font definitions
)
LaTeX Font Info:    Font shape `OMS/cmr/m/n' in size <10> not available
(Font)              Font shape `OMS/cmsy/m/n' tried instead on input line 50.
)
(./05-weighted/00-main.tex [24

] (./05-weighted/01-intro.tex
(./05-weighted/01-intro-sol.tex [25

])) (./05-weighted/02-impl.tex [26]
(./05-weighted/02-impl-sol.tex
<pics/tau_0d5.png, id=131, 462.528pt x 346.896pt>
File: pics/tau_0d5.png Graphic file (type png)
<use pics/tau_0d5.png>
Package pdftex.def Info: pics/tau_0d5.png  used on input line 5.
(pdftex.def)             Requested size: 208.635pt x 156.47757pt.
)) (./05-weighted/03-tau.tex [27

 <./pics/tau_0d5.png>]
Overfull \hbox (0.3484pt too wide) in paragraph at lines 2--10
[]\OT1/cmr/m/n/10 [5 points] \OT1/cmr/bx/n/10 Cod-ing prob-lem. \OT1/cmr/m/n/10
 We will now tune the hy-per-pa-ram-e-ter $\OML/cmm/m/it/10 ^^\$\OT1/cmr/m/n/10
 . In \OT1/cmtt/m/n/10 src/p05c[]tau.py\OT1/cmr/m/n/10 ,
 []

(./05-weighted/03-tau-sol.tex
<pics/tau_0d03.png, id=136, 462.528pt x 346.896pt>
File: pics/tau_0d03.png Graphic file (type png)
<use pics/tau_0d03.png>
Package pdftex.def Info: pics/tau_0d03.png  used on input line 5.
(pdftex.def)             Requested size: 208.635pt x 156.47757pt.
<pics/tau_0d05.png, id=137, 462.528pt x 346.896pt>
File: pics/tau_0d05.png Graphic file (type png)
<use pics/tau_0d05.png>
Package pdftex.def Info: pics/tau_0d05.png  used on input line 9.
(pdftex.def)             Requested size: 208.635pt x 156.47757pt.
<pics/tau_0d1.png, id=138, 462.528pt x 346.896pt>
File: pics/tau_0d1.png Graphic file (type png)
<use pics/tau_0d1.png>
Package pdftex.def Info: pics/tau_0d1.png  used on input line 13.
(pdftex.def)             Requested size: 208.635pt x 156.47757pt.
File: pics/tau_0d5.png Graphic file (type png)
<use pics/tau_0d5.png>
Package pdftex.def Info: pics/tau_0d5.png  used on input line 17.
(pdftex.def)             Requested size: 208.635pt x 156.47757pt.
<pics/tau_1d0.png, id=139, 462.528pt x 346.896pt>
File: pics/tau_1d0.png Graphic file (type png)
<use pics/tau_1d0.png>
Package pdftex.def Info: pics/tau_1d0.png  used on input line 21.
(pdftex.def)             Requested size: 208.635pt x 156.47757pt.
<pics/tau_10d0.png, id=140, 462.528pt x 346.896pt>
File: pics/tau_10d0.png Graphic file (type png)
<use pics/tau_10d0.png>
Package pdftex.def Info: pics/tau_10d0.png  used on input line 25.
(pdftex.def)             Requested size: 208.635pt x 156.47757pt.

Overfull \hbox (2.22221pt too wide) in paragraph at lines 3--27
[][] []
 []


Overfull \hbox (2.22221pt too wide) in paragraph at lines 3--27
[] []
 []


Overfull \hbox (2.22221pt too wide) in paragraph at lines 3--27
[] [] 
 []

))) [28

] [29 <./pics/tau_0d03.png> <./pics/tau_0d05.png> <./pics/tau_0d1.png> <./pics/
tau_1d0.png> <./pics/tau_10d0.png>] (./ps1.aux) ) 
Here is how much of TeX's memory you used:
 6280 strings out of 492167
 98245 string characters out of 6122049
 160076 words of memory out of 5000000
 10366 multiletter control sequences out of 15000+600000
 8412 words of font info for 34 fonts, out of 8000000 for 9000
 1141 hyphenation exceptions out of 8191
 55i,14n,45p,366b,744s stack positions out of 5000i,500n,10000p,200000b,80000s
 <c:/Users/feroc/.texlive2019/
texmf-var/fonts/pk/ljfour/public/bbm/bbm10.600pk><d:/miscel/TexLive/texlive/201
9/texmf-dist/fonts/type1/public/amsfonts/cm/cmbx10.pfb><d:/miscel/TexLive/texli
ve/2019/texmf-dist/fonts/type1/public/amsfonts/cm/cmex10.pfb><d:/miscel/TexLive
/texlive/2019/texmf-dist/fonts/type1/public/amsfonts/cm/cmmi10.pfb><d:/miscel/T
exLive/texlive/2019/texmf-dist/fonts/type1/public/amsfonts/cm/cmmi5.pfb><d:/mis
cel/TexLive/texlive/2019/texmf-dist/fonts/type1/public/amsfonts/cm/cmmi7.pfb><d
:/miscel/TexLive/texlive/2019/texmf-dist/fonts/type1/public/amsfonts/cm/cmr10.p
fb><d:/miscel/TexLive/texlive/2019/texmf-dist/fonts/type1/public/amsfonts/cm/cm
r17.pfb><d:/miscel/TexLive/texlive/2019/texmf-dist/fonts/type1/public/amsfonts/
cm/cmr5.pfb><d:/miscel/TexLive/texlive/2019/texmf-dist/fonts/type1/public/amsfo
nts/cm/cmr7.pfb><d:/miscel/TexLive/texlive/2019/texmf-dist/fonts/type1/public/a
msfonts/cm/cmr9.pfb><d:/miscel/TexLive/texlive/2019/texmf-dist/fonts/type1/publ
ic/amsfonts/cm/cmsl10.pfb><d:/miscel/TexLive/texlive/2019/texmf-dist/fonts/type
1/public/amsfonts/cm/cmss10.pfb><d:/miscel/TexLive/texlive/2019/texmf-dist/font
s/type1/public/amsfonts/cm/cmsy10.pfb><d:/miscel/TexLive/texlive/2019/texmf-dis
t/fonts/type1/public/amsfonts/cm/cmsy7.pfb><d:/miscel/TexLive/texlive/2019/texm
f-dist/fonts/type1/public/amsfonts/cm/cmti10.pfb><d:/miscel/TexLive/texlive/201
9/texmf-dist/fonts/type1/public/amsfonts/cm/cmtt10.pfb><d:/miscel/TexLive/texli
ve/2019/texmf-dist/fonts/type1/public/amsfonts/symbols/msam10.pfb><d:/miscel/Te
xLive/texlive/2019/texmf-dist/fonts/type1/public/amsfonts/symbols/msbm10.pfb>
Output written on ps1.pdf (29 pages, 590063 bytes).
PDF statistics:
 215 PDF objects out of 1000 (max. 8388607)
 124 compressed objects within 2 object streams
 0 named destinations out of 1000 (max. 500000)
 96 words of extra memory for PDF output out of 10000 (max. 10000000)

